DESC 256MB Panasonic
CSD_STRUCT 0 (RES 0) TAAC 0:7:5 NSAC 1 TRAN_SPEED 0:6:2
CCC 0:0:0:1 0:0:1:1 0:1:0:1  READ_BL_LEN 9 READ_BL_PARTIAL 1
WRITE_BLK_MISALIGN 0 READ_BLK_MISALIGN 0
DSR_IMP 0 (RES 0) C_SIZE 3903
VDD_R_CURR_MIN 7 VDD_R_CURR_MAX 7 VDD_W_CURR_MIN 7 VDD_W_CURR_MAX 7
C_SIZE_MULT 5 ERASE_BLK_EN 1 SECTOR_SIZE 31 WP_GRP_SIZE 127 WR_GRP_ENABLE 0
(RES 0) RW_FACTOR 5 WRITE_BL_LEN 9 WRITE_BL_PARTIAL 0
(RES 0) FILE_FORMAT_GRP 0 COPY 0 PERM_WRITE_PROT 0 TMP_WRITE_PROTECT 0
FILE_FORMAT 0 (RES 0) CRC 41 (ONE 1)
DESC 512MB Patriot
CSD_STRUCT 0 (RES 0) TAAC 0:9:7 NSAC 0 TRAN_SPEED 0:6:2
CCC 0:1:0:1 1:1:1:1 0:1:0:1  READ_BL_LEN 9 READ_BL_PARTIAL 1
WRITE_BLK_MISALIGN 0 READ_BLK_MISALIGN 0
DSR_IMP 0 (RES 0) C_SIZE 3883
VDD_R_CURR_MIN 6 VDD_R_CURR_MAX 6 VDD_W_CURR_MIN 6 VDD_W_CURR_MAX 6
C_SIZE_MULT 6 ERASE_BLK_EN 1 SECTOR_SIZE 127 WP_GRP_SIZE 7 WR_GRP_ENABLE 1
(RES 0) RW_FACTOR 2 WRITE_BL_LEN 9 WRITE_BL_PARTIAL 0
(RES 0) FILE_FORMAT_GRP 0 COPY 0 PERM_WRITE_PROT 0 TMP_WRITE_PROTECT 0
FILE_FORMAT 0 (RES 0) CRC 22 (ONE 1)
DESC 1GB Kingmax
CSD_STRUCT 0 (RES 0) TAAC 0:15:7 NSAC 0 TRAN_SPEED 0:6:2
CCC 0:0:0:1 1:1:1:1 0:1:0:1  READ_BL_LEN 9 READ_BL_PARTIAL 1
WRITE_BLK_MISALIGN 0 READ_BLK_MISALIGN 0
DSR_IMP 0 (RES 0) C_SIZE 3903
VDD_R_CURR_MIN 6 VDD_R_CURR_MAX 6 VDD_W_CURR_MIN 6 VDD_W_CURR_MAX 6
C_SIZE_MULT 7 ERASE_BLK_EN 0 SECTOR_SIZE 127 WP_GRP_SIZE 31 WR_GRP_ENABLE 1
(RES 0) RW_FACTOR 5 WRITE_BL_LEN 9 WRITE_BL_PARTIAL 1
(RES 0) FILE_FORMAT_GRP 0 COPY 0 PERM_WRITE_PROT 0 TMP_WRITE_PROTECT 0
FILE_FORMAT 0 (RES 0) CRC 13 (ONE 1)
DESC 1GB Lexar Plat
CSD_STRUCT 0 (RES 0) TAAC 0:11:6 NSAC 0 TRAN_SPEED 0:6:2
CCC 0:0:0:1 1:1:1:1 0:1:0:1  READ_BL_LEN 9 READ_BL_PARTIAL 1
WRITE_BLK_MISALIGN 0 READ_BLK_MISALIGN 0
DSR_IMP 0 (RES 0) C_SIZE 3905
VDD_R_CURR_MIN 5 VDD_R_CURR_MAX 5 VDD_W_CURR_MIN 5 VDD_W_CURR_MAX 5
C_SIZE_MULT 7 ERASE_BLK_EN 0 SECTOR_SIZE 127 WP_GRP_SIZE 31 WR_GRP_ENABLE 1
(RES 0) RW_FACTOR 5 WRITE_BL_LEN 9 WRITE_BL_PARTIAL 0
(RES 0) FILE_FORMAT_GRP 0 COPY 0 PERM_WRITE_PROT 0 TMP_WRITE_PROTECT 0
FILE_FORMAT 0 (RES 0) CRC 2 (ONE 1)
DESC 16MB Canon
CSD_STRUCT 0 (RES 0) TAAC 0:4:6 NSAC 0 TRAN_SPEED 0:6:2
CCC 0:0:0:1 1:1:1:1 0:1:0:1  READ_BL_LEN 9 READ_BL_PARTIAL 1
WRITE_BLK_MISALIGN 0 READ_BLK_MISALIGN 0
DSR_IMP 0 (RES 0) C_SIZE 899
VDD_R_CURR_MIN 7 VDD_R_CURR_MAX 6 VDD_W_CURR_MIN 7 VDD_W_CURR_MAX 6
C_SIZE_MULT 3 ERASE_BLK_EN 1 SECTOR_SIZE 31 WP_GRP_SIZE 127 WR_GRP_ENABLE 1
(RES 0) RW_FACTOR 4 WRITE_BL_LEN 9 WRITE_BL_PARTIAL 0
(RES 0) FILE_FORMAT_GRP 0 COPY 0 PERM_WRITE_PROT 0 TMP_WRITE_PROTECT 0
FILE_FORMAT 0 (RES 0) CRC 119 (ONE 1)
DESC 128MB PQI
CSD_STRUCT 0 (RES 0) TAAC 0:6:6 NSAC 0 TRAN_SPEED 0:6:2
CCC 0:0:0:1 0:1:1:1 0:1:0:1  READ_BL_LEN 9 READ_BL_PARTIAL 1
WRITE_BLK_MISALIGN 0 READ_BLK_MISALIGN 0
DSR_IMP 0 (RES 0) C_SIZE 1917
VDD_R_CURR_MIN 6 VDD_R_CURR_MAX 6 VDD_W_CURR_MIN 6 VDD_W_CURR_MAX 6
C_SIZE_MULT 5 ERASE_BLK_EN 1 SECTOR_SIZE 127 WP_GRP_SIZE 1 WR_GRP_ENABLE 1
(RES 0) RW_FACTOR 5 WRITE_BL_LEN 9 WRITE_BL_PARTIAL 0
(RES 0) FILE_FORMAT_GRP 0 COPY 0 PERM_WRITE_PROT 0 TMP_WRITE_PROTECT 0
FILE_FORMAT 0 (RES 0) CRC 96 (ONE 1)
DESC 1GB Kingston
CSD_STRUCT 0 (RES 0) TAAC 0:9:7 NSAC 0 TRAN_SPEED 0:6:2
CCC 0:0:0:1 0:1:1:1 0:1:0:1  READ_BL_LEN 9 READ_BL_PARTIAL 1
WRITE_BLK_MISALIGN 0 READ_BLK_MISALIGN 1
DSR_IMP 0 (RES 0) C_SIZE 3883
VDD_R_CURR_MIN 6 VDD_R_CURR_MAX 6 VDD_W_CURR_MIN 6 VDD_W_CURR_MAX 6
C_SIZE_MULT 7 ERASE_BLK_EN 1 SECTOR_SIZE 127 WP_GRP_SIZE 15 WR_GRP_ENABLE 1
(RES 0) RW_FACTOR 2 WRITE_BL_LEN 9 WRITE_BL_PARTIAL 0
(RES 0) FILE_FORMAT_GRP 0 COPY 0 PERM_WRITE_PROT 0 TMP_WRITE_PROTECT 0
FILE_FORMAT 0 (RES 0) CRC 61 (ONE 1)
DESC 2GB Patriot
CSD_STRUCT 0 (RES 0) TAAC 0:9:7 NSAC 0 TRAN_SPEED 0:6:2
CCC 0:1:0:1 1:1:1:1 0:1:0:1  READ_BL_LEN 10 READ_BL_PARTIAL 1
WRITE_BLK_MISALIGN 0 READ_BLK_MISALIGN 0
DSR_IMP 0 (RES 0) C_SIZE 3891
VDD_R_CURR_MIN 6 VDD_R_CURR_MAX 6 VDD_W_CURR_MIN 6 VDD_W_CURR_MAX 6
C_SIZE_MULT 7 ERASE_BLK_EN 1 SECTOR_SIZE 127 WP_GRP_SIZE 15 WR_GRP_ENABLE 1
(RES 0) RW_FACTOR 2 WRITE_BL_LEN 10 WRITE_BL_PARTIAL 0
(RES 0) FILE_FORMAT_GRP 0 COPY 0 PERM_WRITE_PROT 0 TMP_WRITE_PROTECT 0
FILE_FORMAT 0 (RES 0) CRC 46 (ONE 1)
DESC 512MB Kingston
CSD_STRUCT 0 (RES 0) TAAC 0:5:5 NSAC 0 TRAN_SPEED 0:6:2
CCC 0:0:0:1 1:0:1:1 0:1:0:1  READ_BL_LEN 9 READ_BL_PARTIAL 1
WRITE_BLK_MISALIGN 0 READ_BLK_MISALIGN 0
DSR_IMP 0 (RES 0) C_SIZE 3907
VDD_R_CURR_MIN 6 VDD_R_CURR_MAX 6 VDD_W_CURR_MIN 6 VDD_W_CURR_MAX 6
C_SIZE_MULT 6 ERASE_BLK_EN 1 SECTOR_SIZE 127 WP_GRP_SIZE 0 WR_GRP_ENABLE 0
(RES 0) RW_FACTOR 5 WRITE_BL_LEN 9 WRITE_BL_PARTIAL 0
(RES 0) FILE_FORMAT_GRP 0 COPY 0 PERM_WRITE_PROT 0 TMP_WRITE_PROTECT 0
FILE_FORMAT 0 (RES 0) CRC 6 (ONE 1)
DESC 512MB Trans uSD
CSD_STRUCT 0 (RES 0) TAAC 0:11:6 NSAC 0 TRAN_SPEED 0:6:2
CCC 0:1:0:1 0:1:1:1 0:1:0:1  READ_BL_LEN 9 READ_BL_PARTIAL 1
WRITE_BLK_MISALIGN 0 READ_BLK_MISALIGN 0
DSR_IMP 0 (RES 0) C_SIZE 3915
VDD_R_CURR_MIN 5 VDD_R_CURR_MAX 5 VDD_W_CURR_MIN 5 VDD_W_CURR_MAX 5
C_SIZE_MULT 6 ERASE_BLK_EN 1 SECTOR_SIZE 127 WP_GRP_SIZE 15 WR_GRP_ENABLE 1
(RES 0) RW_FACTOR 5 WRITE_BL_LEN 9 WRITE_BL_PARTIAL 0
(RES 0) FILE_FORMAT_GRP 0 COPY 0 PERM_WRITE_PROT 0 TMP_WRITE_PROTECT 0
FILE_FORMAT 0 (RES 0) CRC 13 (ONE 1)
DESC 512MB Patri mSD
CSD_STRUCT 0 (RES 0) TAAC 0:5:6 NSAC 0 TRAN_SPEED 0:6:2
CCC 0:1:0:1 1:1:1:1 0:1:0:1  READ_BL_LEN 9 READ_BL_PARTIAL 1
WRITE_BLK_MISALIGN 0 READ_BLK_MISALIGN 0
DSR_IMP 0 (RES 0) C_SIZE 3883
VDD_R_CURR_MIN 6 VDD_R_CURR_MAX 6 VDD_W_CURR_MIN 6 VDD_W_CURR_MAX 6
C_SIZE_MULT 6 ERASE_BLK_EN 1 SECTOR_SIZE 127 WP_GRP_SIZE 7 WR_GRP_ENABLE 1
(RES 0) RW_FACTOR 2 WRITE_BL_LEN 9 WRITE_BL_PARTIAL 0
(RES 0) FILE_FORMAT_GRP 0 COPY 0 PERM_WRITE_PROT 0 TMP_WRITE_PROTECT 0
FILE_FORMAT 0 (RES 0) CRC 26 (ONE 1)
